1000 /home/jogopogo/Projects/ControlLogginSystem/file_0 3 0 d41d8cd98f00b204e9800998ecf8427e Sun Nov 27 00:52:35 2022
1000 /home/jogopogo/Projects/ControlLogginSystem/file_1 0 0 d41d8cd98f00b204e9800998ecf8427e Sun Nov 27 00:52:35 2022
1000 /home/jogopogo/Projects/ControlLogginSystem/file_2 0 0 d41d8cd98f00b204e9800998ecf8427e Sun Nov 27 00:52:35 2022
1000 /home/jogopogo/Projects/ControlLogginSystem/file_3 0 0 d41d8cd98f00b204e9800998ecf8427e Sun Nov 27 00:52:35 2022
1000 /home/jogopogo/Projects/ControlLogginSystem/file_4 0 0 d41d8cd98f00b204e9800998ecf8427e Sun Nov 27 00:52:35 2022
1000 /home/jogopogo/Projects/ControlLogginSystem/file_5 0 0 d41d8cd98f00b204e9800998ecf8427e Sun Nov 27 00:52:35 2022
1000 /home/jogopogo/Projects/ControlLogginSystem/file_6 0 0 d41d8cd98f00b204e9800998ecf8427e Sun Nov 27 00:52:35 2022
1000 /home/jogopogo/Projects/ControlLogginSystem/file_7 0 0 d41d8cd98f00b204e9800998ecf8427e Sun Nov 27 00:52:35 2022
1000 /home/jogopogo/Projects/ControlLogginSystem/file_8 0 0 d41d8cd98f00b204e9800998ecf8427e Sun Nov 27 00:52:35 2022
1000 /home/jogopogo/Projects/ControlLogginSystem/file_9 0 0 d41d8cd98f00b204e9800998ecf8427e Sun Nov 27 00:52:35 2022
1000 /home/jogopogo/Projects/ControlLogginSystem/file_0 1 0 d41d8cd98f00b204e9800998ecf8427e Sun Nov 27 00:52:35 2022
1000 /home/jogopogo/Projects/ControlLogginSystem/file_0 3 0 d41d8cd98f00b204e9800998ecf8427e Sun Nov 27 00:53:45 2022
1000 /home/jogopogo/Projects/ControlLogginSystem/file_1 3 0 d41d8cd98f00b204e9800998ecf8427e Sun Nov 27 00:53:45 2022
1000 /home/jogopogo/Projects/ControlLogginSystem/file_2 3 0 d41d8cd98f00b204e9800998ecf8427e Sun Nov 27 00:53:45 2022
1000 /home/jogopogo/Projects/ControlLogginSystem/file_3 3 0 d41d8cd98f00b204e9800998ecf8427e Sun Nov 27 00:53:45 2022
1000 /home/jogopogo/Projects/ControlLogginSystem/file_4 3 0 d41d8cd98f00b204e9800998ecf8427e Sun Nov 27 00:53:45 2022
1000 /home/jogopogo/Projects/ControlLogginSystem/file_5 3 0 d41d8cd98f00b204e9800998ecf8427e Sun Nov 27 00:53:45 2022
1000 /home/jogopogo/Projects/ControlLogginSystem/file_6 3 0 d41d8cd98f00b204e9800998ecf8427e Sun Nov 27 00:53:45 2022
1000 /home/jogopogo/Projects/ControlLogginSystem/file_7 3 0 d41d8cd98f00b204e9800998ecf8427e Sun Nov 27 00:53:45 2022
1000 /home/jogopogo/Projects/ControlLogginSystem/file_8 3 0 d41d8cd98f00b204e9800998ecf8427e Sun Nov 27 00:53:45 2022
1000 /home/jogopogo/Projects/ControlLogginSystem/file_9 3 0 d41d8cd98f00b204e9800998ecf8427e Sun Nov 27 00:53:45 2022
1000 /home/jogopogo/Projects/ControlLogginSystem/file_0 1 0 d41d8cd98f00b204e9800998ecf8427e Sun Nov 27 00:53:45 2022
